<?xml version="1.0" encoding="UTF-8"?>
<!-- Generated by org.testng.reporters.JUnitXMLReporter -->
<testsuite ignored="1" hostname="NDI-LAP-295" failures="1" tests="1" name="orangeHRM(failed)" time="23.464" errors="0" timestamp="2023-03-16T19:43:15 IST">
  <testcase classname="com.orangehrm.runners.TC_LoginTest_001" name="comper" time="0.005">
    <failure type="java.lang.NullPointerException" message="Cannot invoke &amp;quot;org.openqa.selenium.SearchContext.findElement(org.openqa.selenium.By)&amp;quot; because &amp;quot;this.searchContext&amp;quot; is null">
      <![CDATA[java.lang.NullPointerException: Cannot invoke "org.openqa.selenium.SearchContext.findElement(org.openqa.selenium.By)" because "this.searchContext" is null
at org.openqa.selenium.support.pagefactory.DefaultElementLocator.findElement(DefaultElementLocator.java:69)
at org.openqa.selenium.support.pagefactory.internal.LocatingElementHandler.invoke(LocatingElementHandler.java:38)
at jdk.proxy2/jdk.proxy2.$Proxy17.isDisplayed(Unknown Source)
at com.orangehrm.RequiredTest.RequiredTest.displayed(RequiredTest.java:8)
at com.orangehrm.runners.TC_LoginTest_001.comper(TC_LoginTest_001.java:71)
at java.base/java.util.ArrayList.forEach(ArrayList.java:1511)
... Removed 27 stack frames]]>
    </failure>
  </testcase> <!-- comper -->
  <testcase classname="com.orangehrm.runners.TC_LoginTest_001" name="logTest" time="0.0">
    <ignored/>
  </testcase> <!-- logTest -->
</testsuite> <!-- orangeHRM(failed) -->
