<?xml version="1.0" encoding="UTF-8"?>
<!-- Generated by org.testng.reporters.JUnitXMLReporter -->
<testsuite ignored="0" hostname="NDI-LAP-295" failures="1" tests="1" name="orangeHRM(failed)" time="13.112" errors="0" timestamp="01 Mar 2023 06:54:00 GMT">
  <testcase classname="com.orangehrm.testCases.TC_LoginTest_001" name="logTest" time="0.066">
    <failure type="java.lang.AssertionError" message="expected [true] but found [false]">
      <![CDATA[java.lang.AssertionError: expected [true] but found [false]
	at com.orangehrm.testCases.TC_LoginTest_001.logTest(TC_LoginTest_001.java:36)
... Removed 29 stack frames]]>
    </failure>
  </testcase> <!-- logTest -->
</testsuite> <!-- orangeHRM(failed) -->
